2026-02-25 22:10:34 [main] INFO  Utils - [TestNG] Running:
  C:\Users\akshay\AppData\Local\JetBrains\IdeaIC2024.3\temp-testng-customsuite.xml

2026-02-25 22:10:34 [main] INFO  BaseTest - Closing browser
2026-02-25 22:10:34 [main] INFO  BaseTest - ===== Test Finished =====
2026-02-25 22:11:49 [main] INFO  Utils - [TestNG] Running:
  C:\Users\akshay\AppData\Local\JetBrains\IdeaIC2024.3\temp-testng-customsuite.xml

2026-02-25 22:11:50 [main] INFO  BaseTest - ===== Test Started =====
2026-02-25 22:11:50 [main] INFO  BaseTest - Closing browser
2026-02-25 22:11:50 [main] INFO  BaseTest - ===== Test Finished =====
2026-02-25 22:44:38 [main] INFO  Utils - [TestNG] Running:
  D:\rest-assured-framework\SauceLab-Hybrid-Framework\testng.xml

2026-02-25 22:44:38 [TestNG-tests-1] INFO  BaseTest - Closing browser
2026-02-25 22:44:38 [TestNG-tests-1] INFO  BaseTest - ===== Test Finished =====
2026-02-25 22:46:06 [main] INFO  Utils - [TestNG] Running:
  D:\rest-assured-framework\SauceLab-Hybrid-Framework\testng.xml

2026-02-25 22:46:06 [TestNG-tests-1] INFO  BaseTest - Closing browser
2026-02-25 22:46:06 [TestNG-tests-1] INFO  BaseTest - ===== Test Finished =====
2026-02-25 22:47:09 [main] INFO  Utils - [TestNG] Running:
  D:\rest-assured-framework\SauceLab-Hybrid-Framework\testng.xml

2026-02-25 22:47:09 [TestNG-tests-1] INFO  BaseTest - ===== Test Started =====
2026-02-25 22:47:09 [TestNG-tests-1] INFO  BrowserFactory - Initializing browser...
2026-02-25 22:47:09 [TestNG-tests-1] INFO  BrowserFactory - Launching Chrome browser
2026-02-25 22:47:11 [TestNG-tests-1] INFO  WebDriverManager - Using chromedriver 145.0.7632.117 (resolved driver for Chrome 145)
2026-02-25 22:47:11 [TestNG-tests-1] INFO  Downloader - Downloading https://storage.googleapis.com/chrome-for-testing-public/145.0.7632.117/win64/chromedriver-win64.zip
2026-02-25 22:47:13 [TestNG-tests-1] INFO  Downloader - Extracting driver from compressed file chromedriver-win64.zip
2026-02-25 22:47:13 [TestNG-tests-1] INFO  WebDriverManager - Exporting webdriver.chrome.driver as C:\Users\akshay\.cache\selenium\chromedriver\win64\145.0.7632.117\chromedriver.exe
2026-02-25 22:47:15 [TestNG-tests-1] INFO  BrowserFactory - Browser launched successfully
2026-02-25 22:47:15 [TestNG-tests-1] INFO  BaseTest - Navigated to: https://www.saucedemo.com/
2026-02-25 22:47:17 [TestNG-tests-1] INFO  LoginTest - Username is entered: standard_user
2026-02-25 22:47:17 [TestNG-tests-1] INFO  LoginTest - password is entered: secret_sauce
2026-02-25 22:47:17 [TestNG-tests-1] INFO  LoginTest - login button is clicked
2026-02-25 22:47:39 [TestNG-tests-1] INFO  BaseTest - Closing browser
2026-02-25 22:47:40 [TestNG-tests-1] INFO  BaseTest - ===== Test Finished =====
2026-02-25 22:47:57 [main] INFO  Utils - [TestNG] Running:
  D:\rest-assured-framework\SauceLab-Hybrid-Framework\testng.xml

2026-02-25 22:47:57 [TestNG-tests-1] INFO  BaseTest - ===== Test Started =====
2026-02-25 22:47:57 [TestNG-tests-1] INFO  BrowserFactory - Initializing browser...
2026-02-25 22:47:57 [TestNG-tests-1] INFO  BrowserFactory - Launching Chrome browser
2026-02-25 22:47:58 [TestNG-tests-1] INFO  WebDriverManager - Using chromedriver 145.0.7632.117 (resolved driver for Chrome 145)
2026-02-25 22:47:58 [TestNG-tests-1] INFO  WebDriverManager - Exporting webdriver.chrome.driver as C:\Users\akshay\.cache\selenium\chromedriver\win64\145.0.7632.117\chromedriver.exe
2026-02-25 22:47:59 [TestNG-tests-1] INFO  BrowserFactory - Browser launched successfully
2026-02-25 22:47:59 [TestNG-tests-1] INFO  BaseTest - Navigated to: https://www.saucedemo.com/
2026-02-25 22:48:00 [TestNG-tests-1] INFO  LoginTest - Username is entered: standard_user
2026-02-25 22:48:00 [TestNG-tests-1] INFO  LoginTest - password is entered: secret_sauce
2026-02-25 22:48:00 [TestNG-tests-1] INFO  LoginTest - login button is clicked
2026-02-25 22:48:02 [TestNG-tests-1] INFO  BaseTest - Closing browser
2026-02-25 22:48:02 [TestNG-tests-1] INFO  BaseTest - ===== Test Finished =====
